<?xml version="1.0" encoding="UTF-8"?>
<!-- Generated by org.testng.reporters.JUnitXMLReporter -->
<testsuite ignored="0" hostname="DESKTOP-R26LVLG" failures="0" tests="3" name="Default test" time="10.794" errors="0" timestamp="2022-08-24T22:56:03 ICT">
  <testcase classname="com.juaracodingrestasuredkuis.TestGetProduct" name="tesPriceTwo" time="6.211"/>
  <testcase classname="com.juaracodingrestasuredkuis.TestGetProduct" name="testPriceOne" time="2.292"/>
  <testcase classname="com.juaracodingrestasuredkuis.TestGetProduct" name="testStatusCode" time="2.209"/>
</testsuite> <!-- Default test -->
