<?xml version="1.0" encoding="UTF-8"?>
<testng-results ignored="0" total="3" passed="3" failed="0" skipped="0">
  <reporter-output>
  </reporter-output>
  <suite started-at="2022-08-24T22:55:52 ICT" name="Default suite" finished-at="2022-08-24T22:56:03 ICT" duration-ms="10794">
    <groups>
    </groups>
    <test started-at="2022-08-24T22:55:52 ICT" name="Default test" finished-at="2022-08-24T22:56:03 ICT" duration-ms="10794">
      <class name="com.juaracodingrestasuredkuis.TestGetProduct">
        <test-method signature="tesPriceTwo()[pri:0, instance:com.juaracodingrestasuredkuis.TestGetProduct@503d687a]" started-at="2022-08-24T22:55:52 ICT" name="tesPriceTwo" finished-at="2022-08-24T22:55:58 ICT" duration-ms="6211" status="PASS">
          <reporter-output>
          </reporter-output>
        </test-method> <!-- tesPriceTwo -->
        <test-method signature="testPriceOne()[pri:0, instance:com.juaracodingrestasuredkuis.TestGetProduct@503d687a]" started-at="2022-08-24T22:55:58 ICT" name="testPriceOne" finished-at="2022-08-24T22:56:01 ICT" duration-ms="2292" status="PASS">
          <reporter-output>
          </reporter-output>
        </test-method> <!-- testPriceOne -->
        <test-method signature="testStatusCode()[pri:0, instance:com.juaracodingrestasuredkuis.TestGetProduct@503d687a]" started-at="2022-08-24T22:56:01 ICT" name="testStatusCode" finished-at="2022-08-24T22:56:03 ICT" duration-ms="2209" status="PASS">
          <reporter-output>
          </reporter-output>
        </test-method> <!-- testStatusCode -->
      </class> <!-- com.juaracodingrestasuredkuis.TestGetProduct -->
    </test> <!-- Default test -->
  </suite> <!-- Default suite -->
</testng-results>
